[debug] [2021-08-11T01:00:02.963Z] ----------------------------------------------------------------------
[debug] [2021-08-11T01:00:02.965Z] Command:       C:\Program Files\nodejs\node.exe C:\Program Files\nodejs\node_modules\firebase-tools\lib\bin\firebase.js init
[debug] [2021-08-11T01:00:02.965Z] CLI Version:   9.16.0
[debug] [2021-08-11T01:00:02.965Z] Platform:      win32
[debug] [2021-08-11T01:00:02.965Z] Node Version:  v15.12.0
[debug] [2021-08-11T01:00:02.966Z] Time:          Tue Aug 10 2021 22:00:02 GMT-0300 (Horário Padrão de Brasília)
[debug] [2021-08-11T01:00:02.967Z] ----------------------------------------------------------------------
[debug] 
[debug] [2021-08-11T01:00:02.973Z] > command requires scopes: ["email","openid","https://www.googleapis.com/auth/cloudplatformprojects.readonly","https://www.googleapis.com/auth/firebase","https://www.googleapis.com/auth/cloud-platform"]
[debug] [2021-08-11T01:00:02.973Z] > authorizing via signed-in user (betinhoolxd@gmail.com)
[info] 
     ######## #### ########  ######## ########     ###     ######  ########
     ##        ##  ##     ## ##       ##     ##  ##   ##  ##       ##
     ######    ##  ########  ######   ########  #########  ######  ######
     ##        ##  ##    ##  ##       ##     ## ##     ##       ## ##
     ##       #### ##     ## ######## ########  ##     ##  ######  ########

You're about to initialize a Firebase project in this directory:

  C:\Users\AlbertoMoura\Desktop\GitHub\Tinder-Fullstack\tinder-clone

[info] 
=== Project Setup
[info] 
[info] First, let's associate this project directory with a Firebase project.
[info] You can create multiple project aliases by running firebase use --add, 
[info] but for now we'll just set up a default project.
[info] 
[debug] [2021-08-11T01:00:13.942Z] >>> [apiv2][query] GET https://firebase.googleapis.com/v1beta1/projects pageSize=100
[debug] [2021-08-11T01:00:15.247Z] <<< [apiv2][status] GET https://firebase.googleapis.com/v1beta1/projects 200
[debug] [2021-08-11T01:00:15.247Z] <<< [apiv2][body] GET https://firebase.googleapis.com/v1beta1/projects [omitted]
[info] i  Using project tinder-clone-9e7af (tinder-clone) 
[info] 
=== Hosting Setup
[info] 
[info] Your public directory is the folder (relative to your project directory) that
[info] will contain Hosting assets to be uploaded with firebase deploy. If you
[info] have a build process for your assets, use your build's output directory.
[info] 
[debug] [2021-08-11T01:01:12.070Z] ----------------------------------------------------------------------
[debug] [2021-08-11T01:01:12.072Z] Command:       C:\Program Files\nodejs\node.exe C:\Program Files\nodejs\node_modules\firebase-tools\lib\bin\firebase.js init
[debug] [2021-08-11T01:01:12.072Z] CLI Version:   9.16.0
[debug] [2021-08-11T01:01:12.072Z] Platform:      win32
[debug] [2021-08-11T01:01:12.072Z] Node Version:  v15.12.0
[debug] [2021-08-11T01:01:12.073Z] Time:          Tue Aug 10 2021 22:01:12 GMT-0300 (Horário Padrão de Brasília)
[debug] [2021-08-11T01:01:12.074Z] ----------------------------------------------------------------------
[debug] 
[debug] [2021-08-11T01:01:12.080Z] > command requires scopes: ["email","openid","https://www.googleapis.com/auth/cloudplatformprojects.readonly","https://www.googleapis.com/auth/firebase","https://www.googleapis.com/auth/cloud-platform"]
[debug] [2021-08-11T01:01:12.081Z] > authorizing via signed-in user (betinhoolxd@gmail.com)
[info] 
     ######## #### ########  ######## ########     ###     ######  ########
     ##        ##  ##     ## ##       ##     ##  ##   ##  ##       ##
     ######    ##  ########  ######   ########  #########  ######  ######
     ##        ##  ##    ##  ##       ##     ## ##     ##       ## ##
     ##       #### ##     ## ######## ########  ##     ##  ######  ########

You're about to initialize a Firebase project in this directory:

  C:\Users\AlbertoMoura\Desktop\GitHub\Tinder-Fullstack\tinder-clone

[info] 
=== Project Setup
[info] 
[info] First, let's associate this project directory with a Firebase project.
[info] You can create multiple project aliases by running firebase use --add, 
[info] but for now we'll just set up a default project.
[info] 
[debug] [2021-08-11T01:01:20.374Z] >>> [apiv2][query] GET https://firebase.googleapis.com/v1beta1/projects pageSize=100
[debug] [2021-08-11T01:01:21.670Z] <<< [apiv2][status] GET https://firebase.googleapis.com/v1beta1/projects 200
[debug] [2021-08-11T01:01:21.670Z] <<< [apiv2][body] GET https://firebase.googleapis.com/v1beta1/projects [omitted]
[info] i  Using project tinder-clone-9e7af (tinder-clone) 
[info] 
=== Hosting Setup
[info] 
[info] Your public directory is the folder (relative to your project directory) that
[info] will contain Hosting assets to be uploaded with firebase deploy. If you
[info] have a build process for your assets, use your build's output directory.
[info] 
[debug] [2021-08-11T01:01:42.599Z] >>> [apiv2][query] GET https://www.gstatic.com/firebasejs/releases.json [none]
[debug] [2021-08-11T01:01:42.974Z] <<< [apiv2][status] GET https://www.gstatic.com/firebasejs/releases.json 200
[debug] [2021-08-11T01:01:42.974Z] <<< [apiv2][body] GET https://www.gstatic.com/firebasejs/releases.json {"current":{"version":"8.9.1","browserURL":"https://www.gstatic.com/firebasejs/8.9.1/firebase.js","packageURL":"https://www.gstatic.com/firebasejs/8.9.1/firebase.tgz"},"live":{"version":"8.9","browserURL":"https://www.gstatic.com/firebasejs/live/8.9/firebase.js","packageURL":"https://www.gstatic.com/firebasejs/live/8.9/firebase.tgz"},"components":{"analytics":"https://www.gstatic.com/firebasejs/8.9.1/firebase-analytics.js","app":"https://www.gstatic.com/firebasejs/8.9.1/firebase-app.js","app-check":"https://www.gstatic.com/firebasejs/8.9.1/firebase-app-check.js","auth":"https://www.gstatic.com/firebasejs/8.9.1/firebase-auth.js","database":"https://www.gstatic.com/firebasejs/8.9.1/firebase-database.js","firestore":"https://www.gstatic.com/firebasejs/8.9.1/firebase-firestore.js","functions":"https://www.gstatic.com/firebasejs/8.9.1/firebase-functions.js","installations":"https://www.gstatic.com/firebasejs/8.9.1/firebase-installations.js","messaging":"https://www.gstatic.com/firebasejs/8.9.1/firebase-messaging.js","storage":"https://www.gstatic.com/firebasejs/8.9.1/firebase-storage.js","performance":"https://www.gstatic.com/firebasejs/8.9.1/firebase-performance.js","remote-config":"https://www.gstatic.com/firebasejs/8.9.1/firebase-remote-config.js","firestore.memory":"https://www.gstatic.com/firebasejs/8.9.1/firebase-firestore.memory.js"}}
[info] +  Wrote build/index.html 
[info] 
[info] i  Detected a .git folder at C:\Users\AlbertoMoura\Desktop\GitHub\Tinder-Fullstack\tinder-clone 
[info] i  Authorizing with GitHub to upload your service account to a GitHub repository's secrets store. 
[info] 
[info] Visit this URL on this device to log in:
[info] https://github.com/login/oauth/authorize?client_id=89cf50f02ac6aaed3484&state=444817774&redirect_uri=http%3A%2F%2Flocalhost%3A9005&scope=read%3Auser%20repo%20public_repo
[info] 
[info] Waiting for authentication...
[debug] [2021-08-11T01:02:02.242Z] >>> HTTP REQUEST POST https://github.com/login/oauth/access_token  
 {"client_id":"89cf50f02ac6aaed3484","client_secret":"3330d14abc895d9a74d5f17cd7a00711fa2c5bf0","code":"29570aad34ff54cd38dd","redirect_uri":"http://localhost:9005","state":"444817774"}
[debug] [2021-08-11T01:02:02.725Z] <<< HTTP RESPONSE 200 {"server":"GitHub.com","date":"Wed, 11 Aug 2021 01:02:02 GMT","content-type":"application/json; charset=utf-8","transfer-encoding":"chunked","vary":"X-PJAX, Accept-Encoding, Accept, X-Requested-With","permissions-policy":"interest-cohort=()","etag":"W/\"a9e7040bf596b3cc27dfd9ce0b7a3b05\"","cache-control":"max-age=0, private, must-revalidate","strict-transport-security":"max-age=31536000; includeSubdomains; preload","x-frame-options":"deny","x-content-type-options":"nosniff","x-xss-protection":"0","referrer-policy":"origin-when-cross-origin, strict-origin-when-cross-origin","expect-ct":"max-age=2592000, report-uri=\"https://api.github.com/_private/browser/errors\"","content-security-policy":"default-src 'none'; base-uri 'self'; block-all-mixed-content; connect-src 'self' uploads.github.com www.githubstatus.com collector.githubapp.com api.github.com github-cloud.s3.amazonaws.com github-production-repository-file-5c1aeb.s3.amazonaws.com github-production-upload-manifest-file-7fdce7.s3.amazonaws.com github-production-user-asset-6210df.s3.amazonaws.com cdn.optimizely.com logx.optimizely.com/v1/events translator.github.com wss://alive.github.com; font-src github.githubassets.com; form-action 'self' github.com gist.github.com; frame-ancestors 'none'; frame-src render.githubusercontent.com render-temp.githubusercontent.com viewscreen.githubusercontent.com; img-src 'self' data: github.githubassets.com identicons.github.com collector.githubapp.com github-cloud.s3.amazonaws.com secured-user-images.githubusercontent.com/ *.githubusercontent.com; manifest-src 'self'; media-src 'none'; script-src github.githubassets.com; style-src 'unsafe-inline' github.githubassets.com; worker-src github.com/socket-worker-3f088aa2.js gist.github.com/socket-worker-3f088aa2.js","x-github-request-id":"F761:6BB7:5AC10C:6B9769:6113218A"}
[debug] [2021-08-11T01:02:02.730Z] >>> [apiv2][query] GET https://api.github.com/user [none]
[debug] [2021-08-11T01:02:03.271Z] <<< [apiv2][status] GET https://api.github.com/user 200
[debug] [2021-08-11T01:02:03.271Z] <<< [apiv2][body] GET https://api.github.com/user {"login":"AlberttMoura","id":56458241,"node_id":"MDQ6VXNlcjU2NDU4MjQx","avatar_url":"https://avatars.githubusercontent.com/u/56458241?v=4","gravatar_id":"","url":"https://api.github.com/users/AlberttMoura","html_url":"https://github.com/AlberttMoura","followers_url":"https://api.github.com/users/AlberttMoura/followers","following_url":"https://api.github.com/users/AlberttMoura/following{/other_user}","gists_url":"https://api.github.com/users/AlberttMoura/gists{/gist_id}","starred_url":"https://api.github.com/users/AlberttMoura/starred{/owner}{/repo}","subscriptions_url":"https://api.github.com/users/AlberttMoura/subscriptions","organizations_url":"https://api.github.com/users/AlberttMoura/orgs","repos_url":"https://api.github.com/users/AlberttMoura/repos","events_url":"https://api.github.com/users/AlberttMoura/events{/privacy}","received_events_url":"https://api.github.com/users/AlberttMoura/received_events","type":"User","site_admin":false,"name":"Alberto Moura","company":null,"blog":"","location":"Brazil","email":null,"hireable":null,"bio":"Computer Engineering Student","twitter_username":null,"public_repos":8,"public_gists":0,"followers":3,"following":5,"created_at":"2019-10-11T23:17:53Z","updated_at":"2021-08-11T01:02:01Z","private_gists":2,"total_private_repos":8,"owned_private_repos":8,"disk_usage":48538,"collaborators":1,"two_factor_authentication":false,"plan":{"name":"free","space":976562499,"collaborators":0,"private_repos":10000}}
[info] 
[info] +  Success! Logged into GitHub as AlberttMoura 
[info] 
